23:43:17.942 [main] INFO  org.springframework.test.context.support.DefaultTestContextBootstrapper - Loaded default TestExecutionListener class names from location [META-INF/spring.factories]: [org.springframework.test.context.web.ServletTestExecutionListener, org.springframework.test.context.support.DirtiesContextBeforeModesTestExecutionListener, org.springframework.test.context.support.DependencyInjectionTestExecutionListener, org.springframework.test.context.support.DirtiesContextTestExecutionListener, org.springframework.test.context.transaction.TransactionalTestExecutionListener, org.springframework.test.context.jdbc.SqlScriptsTestExecutionListener]
23:43:17.953 [main] INFO  org.springframework.test.context.support.DefaultTestContextBootstrapper - Could not instantiate TestExecutionListener [org.springframework.test.context.web.ServletTestExecutionListener]. Specify custom listener classes or make the default listener classes (and their required dependencies) available. Offending class: [javax/servlet/ServletContext]
23:43:17.985 [main] INFO  org.springframework.test.context.support.DefaultTestContextBootstrapper - Using TestExecutionListeners: [org.springframework.test.context.support.DirtiesContextBeforeModesTestExecutionListener@158d2680, org.springframework.test.context.support.DependencyInjectionTestExecutionListener@77847718, org.springframework.test.context.support.DirtiesContextTestExecutionListener@7f3b84b8, org.springframework.test.context.transaction.TransactionalTestExecutionListener@57a3af25, org.springframework.test.context.jdbc.SqlScriptsTestExecutionListener@2b662a77]
23:43:18.031 [main] INFO  org.springframework.beans.factory.xml.XmlBeanDefinitionReader - Loading XML bean definitions from class path resource [service-context-test.xml]
23:43:18.172 [main] INFO  org.springframework.beans.factory.xml.XmlBeanDefinitionReader - Loading XML bean definitions from class path resource [service-context.xml]
23:43:18.188 [main] INFO  org.springframework.beans.factory.xml.XmlBeanDefinitionReader - Loading XML bean definitions from class path resource [dao-context.xml]
23:43:18.688 [main] INFO  org.springframework.context.support.GenericApplicationContext - Refreshing org.springframework.context.support.GenericApplicationContext@55141def: startup date [Sun Jan 06 23:43:18 MSK 2019]; root of context hierarchy
23:43:19.152 [main] INFO  org.springframework.orm.jpa.LocalContainerEntityManagerFactoryBean - Building JPA container EntityManagerFactory for persistence unit 'my-unit'
23:43:19.189 [main] INFO  org.hibernate.jpa.internal.util.LogHelper - HHH000204: Processing PersistenceUnitInfo [
	name: my-unit
	...]
23:43:19.299 [main] INFO  org.hibernate.Version - HHH000412: Hibernate Core {4.3.8.Final}
23:43:19.299 [main] INFO  org.hibernate.cfg.Environment - HHH000206: hibernate.properties not found
23:43:19.299 [main] INFO  org.hibernate.cfg.Environment - HHH000021: Bytecode provider name : javassist
23:43:19.502 [main] INFO  org.hibernate.annotations.common.Version - HCANN000001: Hibernate Commons Annotations {4.0.5.Final}
23:43:19.929 [main] INFO  org.hibernate.dialect.Dialect - HHH000400: Using dialect: org.hibernate.dialect.PostgreSQL9Dialect
23:43:19.941 [main] INFO  org.hibernate.engine.jdbc.internal.LobCreatorBuilder - HHH000424: Disabling contextual LOB creation as createClob() method threw error : java.lang.reflect.InvocationTargetException
23:43:20.113 [main] INFO  org.hibernate.hql.internal.ast.ASTQueryTranslatorFactory - HHH000397: Using ASTQueryTranslatorFactory
23:43:20.207 [main] INFO  org.hibernate.search.engine.Version - HSEARCH000034: Hibernate Search 5.0.1.Final
23:43:20.656 [main] WARN  org.hibernate.search.engine.impl.ConfigContext - HSEARCH000075: Configuration setting hibernate.search.lucene_version was not specified: using LUCENE_CURRENT.
23:43:21.103 [main] INFO  org.springframework.orm.jpa.LocalContainerEntityManagerFactoryBean - Initialized JPA EntityManagerFactory for persistence unit 'my-unit'
23:43:35.408 [Thread-2] INFO  org.springframework.context.support.GenericApplicationContext - Closing org.springframework.context.support.GenericApplicationContext@55141def: startup date [Sun Jan 06 23:43:18 MSK 2019]; root of context hierarchy
